# JRE version: OpenJDK Runtime Environment Microsoft-13106404 (21.0.10+7) (build 21.0.10+7-LTS)
# Java VM: OpenJDK 64-Bit Server VM Microsoft-13106404 (21.0.10+7-LTS, mixed mode, emulated-client, sharing, tiered, compressed oops, compressed class ptrs, g1 gc, windows-amd64)
GC Precious Log:
 CardTable entry size: 512
 Card Set container configuration: InlinePtr #cards 4 size 8 Array Of Cards #cards 16 size 48 Howl #buckets 8 coarsen threshold 3686 Howl Bitmap #cards 512 size 80 coarsen threshold 460 Card regions per heap region 1 cards per card region 4096
 CPUs: 12 total, 12 available
 Memory: 16286M
 Large Page Support: Disabled
 NUMA Support: Disabled
 Compressed Oops: Enabled (Zero based)
 Heap Region Size: 2M
 Heap Min Capacity: 8M
 Heap Initial Capacity: 256M
 Heap Max Capacity: 4G
 Pre-touch: Disabled
 Parallel Workers: 10
 Concurrent Workers: 3
 Concurrent Refinement Workers: 10
 Periodic GC: Disabled
Heap:
 garbage-first heap   total 696320K, used 484868K [0x0000000700000000, 0x0000000800000000)
  region size 2048K, 11 young (22528K), 11 survivors (22528K)
 Metaspace       used 170585K, committed 172736K, reserved 1245184K
  class space    used 25149K, committed 26176K, reserved 1048576K
GC Heap History (20 events):
Event: 83.406 GC heap after
{Heap after GC invocations=71 (full 0):
 garbage-first heap   total 368640K, used 269971K [0x0000000700000000, 0x0000000800000000)
  region size 2048K, 6 young (12288K), 6 survivors (12288K)
 Metaspace       used 146038K, committed 148800K, reserved 1179648K
  class space    used 22206K, committed 23552K, reserved 1048576K
}
Event: 85.032 GC heap before
{Heap before GC invocations=71 (full 0):
 garbage-first heap   total 368640K, used 329363K [0x0000000700000000, 0x0000000800000000)
  region size 2048K, 35 young (71680K), 6 survivors (12288K)
 Metaspace       used 146042K, committed 148800K, reserved 1179648K
  class space    used 22207K, committed 23552K, reserved 1048576K
}
Event: 85.051 GC heap after
{Heap after GC invocations=72 (full 0):
 garbage-first heap   total 368640K, used 291817K [0x0000000700000000, 0x0000000800000000)
  region size 2048K, 5 young (10240K), 5 survivors (10240K)
 Metaspace       used 146042K, committed 148800K, reserved 1179648K
  class space    used 22207K, committed 23552K, reserved 1048576K
}
Event: 86.752 GC heap before
{Heap before GC invocations=73 (full 0):
 garbage-first heap   total 489472K, used 332777K [0x0000000700000000, 0x0000000800000000)
  region size 2048K, 26 young (53248K), 5 survivors (10240K)
 Metaspace       used 144544K, committed 148800K, reserved 1179648K
  class space    used 21867K, committed 23552K, reserved 1048576K
}
Event: 86.776 GC heap after
{Heap after GC invocations=74 (full 0):
 garbage-first heap   total 489472K, used 307633K [0x0000000700000000, 0x0000000800000000)
  region size 2048K, 4 young (8192K), 4 survivors (8192K)
 Metaspace       used 144544K, committed 148800K, reserved 1179648K
  class space    used 21867K, committed 23552K, reserved 1048576K
}
Event: 89.509 GC heap before
{Heap before GC invocations=74 (full 0):
 garbage-first heap   total 489472K, used 414129K [0x0000000700000000, 0x0000000800000000)
  region size 2048K, 55 young (112640K), 4 survivors (8192K)
 Metaspace       used 144784K, committed 148800K, reserved 1179648K
  class space    used 21937K, committed 23552K, reserved 1048576K
}
Event: 89.539 GC heap after
{Heap after GC invocations=75 (full 0):
 garbage-first heap   total 489472K, used 338254K [0x0000000700000000, 0x0000000800000000)
  region size 2048K, 7 young (14336K), 7 survivors (14336K)
 Metaspace       used 144784K, committed 148800K, reserved 1179648K
  class space    used 21937K, committed 23552K, reserved 1048576K
}
Event: 90.660 GC heap before
{Heap before GC invocations=75 (full 0):
 garbage-first heap   total 489472K, used 385358K [0x0000000700000000, 0x0000000800000000)
  region size 2048K, 31 young (63488K), 7 survivors (14336K)
 Metaspace       used 150935K, committed 153088K, reserved 1179648K
  class space    used 22804K, committed 23872K, reserved 1048576K
}
Event: 90.673 GC heap after
{Heap after GC invocations=76 (full 0):
 garbage-first heap   total 489472K, used 345277K [0x0000000700000000, 0x0000000800000000)
  region size 2048K, 4 young (8192K), 4 survivors (8192K)
 Metaspace       used 150935K, committed 153088K, reserved 1179648K
  class space    used 22804K, committed 23872K, reserved 1048576K
}
Event: 92.790 GC heap before
{Heap before GC invocations=77 (full 0):
 garbage-first heap   total 583680K, used 431293K [0x0000000700000000, 0x0000000800000000)
  region size 2048K, 44 young (90112K), 4 survivors (8192K)
 Metaspace       used 162228K, committed 164352K, reserved 1245184K
  class space    used 24039K, committed 25024K, reserved 1048576K
}
Event: 92.801 GC heap after
{Heap after GC invocations=78 (full 0):
 garbage-first heap   total 583680K, used 354212K [0x0000000700000000, 0x0000000800000000)
  region size 2048K, 6 young (12288K), 6 survivors (12288K)
 Metaspace       used 162228K, committed 164352K, reserved 1245184K
  class space    used 24039K, committed 25024K, reserved 1048576K
}
Event: 96.237 GC heap before
{Heap before GC invocations=78 (full 0):
 garbage-first heap   total 583680K, used 491428K [0x0000000700000000, 0x0000000800000000)
  region size 2048K, 73 young (149504K), 6 survivors (12288K)
 Metaspace       used 169968K, committed 172096K, reserved 1245184K
  class space    used 25023K, committed 26048K, reserved 1048576K
}
Event: 96.270 GC heap after
{Heap after GC invocations=79 (full 0):
 garbage-first heap   total 583680K, used 379887K [0x0000000700000000, 0x0000000800000000)
  region size 2048K, 10 young (20480K), 10 survivors (20480K)
 Metaspace       used 169968K, committed 172096K, reserved 1245184K
  class space    used 25023K, committed 26048K, reserved 1048576K
}
Event: 98.873 GC heap before
{Heap before GC invocations=79 (full 0):
 garbage-first heap   total 583680K, used 508911K [0x0000000700000000, 0x0000000800000000)
  region size 2048K, 73 young (149504K), 10 survivors (20480K)
 Metaspace       used 170457K, committed 172544K, reserved 1245184K
  class space    used 25127K, committed 26112K, reserved 1048576K
}
Event: 98.905 GC heap after
{Heap after GC invocations=80 (full 0):
 garbage-first heap   total 583680K, used 401314K [0x0000000700000000, 0x0000000800000000)
  region size 2048K, 10 young (20480K), 10 survivors (20480K)
 Metaspace       used 170457K, committed 172544K, reserved 1245184K
  class space    used 25127K, committed 26112K, reserved 1048576K
}
Event: 99.910 GC heap before
{Heap before GC invocations=80 (full 0):
 garbage-first heap   total 583680K, used 450466K [0x0000000700000000, 0x0000000800000000)
  region size 2048K, 35 young (71680K), 10 survivors (20480K)
 Metaspace       used 170542K, committed 172672K, reserved 1245184K
  class space    used 25146K, committed 26176K, reserved 1048576K
}
Event: 99.931 GC heap after
{Heap after GC invocations=81 (full 0):
 garbage-first heap   total 583680K, used 414347K [0x0000000700000000, 0x0000000800000000)
  region size 2048K, 6 young (12288K), 6 survivors (12288K)
 Metaspace       used 170542K, committed 172672K, reserved 1245184K
  class space    used 25146K, committed 26176K, reserved 1048576K
}
Event: 100.937 GC heap before
{Heap before GC invocations=82 (full 0):
 garbage-first heap   total 696320K, used 522891K [0x0000000700000000, 0x0000000800000000)
  region size 2048K, 58 young (118784K), 6 survivors (12288K)
 Metaspace       used 170542K, committed 172672K, reserved 1245184K
  class space    used 25146K, committed 26176K, reserved 1048576K
}
Event: 100.954 GC heap after
{Heap after GC invocations=83 (full 0):
 garbage-first heap   total 696320K, used 442368K [0x0000000700000000, 0x0000000800000000)
  region size 2048K, 8 young (16384K), 8 survivors (16384K)
 Metaspace       used 170542K, committed 172672K, reserved 1245184K
  class space    used 25146K, committed 26176K, reserved 1048576K
}
Event: 102.619 GC heap before
{Heap before GC invocations=83 (full 0):
 garbage-first heap   total 696320K, used 604160K [0x0000000700000000, 0x0000000800000000)
  region size 2048K, 87 young (178176K), 8 survivors (16384K)
 Metaspace       used 170585K, committed 172736K, reserved 1245184K
  class space    used 25149K, committed 26176K, reserved 1048576K
}

